<?xml version="1.0" encoding="UTF-8" ?>
<testsuite failures="0" time="3.712" errors="1" skipped="0" tests="2" name="cn.xapi.hou.mapper.BookinfoMapperTest">
  <properties>
[...]
</properties>
  <testcase time="3.642" classname="cn.xapi.hou.mapper.BookinfoMapperTest" name="testSelectBookAll"/>
  <testcase time="0.07" classname="cn.xapi.hou.mapper.BookinfoMapperTest" name="testSelectByPrimaryKey">
    <error type="java.lang.NullPointerException">java.lang.NullPointerException
	at cn.xapi.hou.mapper.BookinfoMapperTest.testSelectByPrimaryKey(BookinfoMapperTest.java:30)
	at sun.reflect.NativeMethodAccessorImpl.invoke0(Native Method)
	at sun.reflect.NativeMethodAccessorImpl.invoke(NativeMethodAccessorImpl.java:57)
	at sun.reflect.DelegatingMethodAccessorImpl.invoke(DelegatingMethodAccessorImpl.java:43)
	at java.lang.reflect.Method.invoke(Method.java:601)
	at org.junit.runners.model.FrameworkMethod$1.runReflectiveCall(FrameworkMethod.java:50)
	at org.junit.internal.runners.model.ReflectiveCallable.run(ReflectiveCallable.java:12)
	at org.junit.runners.model.FrameworkMethod.invokeExplosively(FrameworkMethod.java:47)
	at org.junit.internal.runners.statements.InvokeMethod.evaluate(InvokeMethod.java:17)
	at org.springframework.test.context.junit4.statements.RunBeforeTestMethodCallbacks.evaluate(RunBeforeTestMethodCallbacks.java:74)
	at org.springframework.test.context.junit4.statements.RunAfterTestMethodCallbacks.evaluate(RunAfterTestMethodCallbacks.java:83)
	at org.springframework.test.context.junit4.statements.SpringRepeat.evaluate(SpringRepeat.java:72)
	at org.springframework.test.context.junit4.SpringJUnit4ClassRunner.runChild(SpringJUnit4ClassRunner.java:231)
	at org.springframework.test.context.junit4.SpringJUnit4ClassRunner.runChild(SpringJUnit4ClassRunner.java:88)
	at org.junit.runners.ParentRunner$3.run(ParentRunner.java:290)
	at org.junit.runners.ParentRunner$1.schedule(ParentRunner.java:71)
	at org.junit.runners.ParentRunner.runChildren(ParentRunner.java:288)
	at org.junit.runners.ParentRunner.access$000(ParentRunner.java:58)
	at org.junit.runners.ParentRunner$2.evaluate(ParentRunner.java:268)
	at org.springframework.test.context.junit4.statements.RunBeforeTestClassCallbacks.evaluate(RunBeforeTestClassCallbacks.java:61)
	at org.springframework.test.context.junit4.statements.RunAfterTestClassCallbacks.evaluate(RunAfterTestClassCallbacks.java:71)
	at org.junit.runners.ParentRunner.run(ParentRunner.java:363)
	at org.springframework.test.context.junit4.SpringJUnit4ClassRunner.run(SpringJUnit4ClassRunner.java:174)
	at org.apache.maven.surefire.junit4.JUnit4Provider.execute(JUnit4Provider.java:252)
	at org.apache.maven.surefire.junit4.JUnit4Provider.executeTestSet(JUnit4Provider.java:141)
	at org.apache.maven.surefire.junit4.JUnit4Provider.invoke(JUnit4Provider.java:112)
	at sun.reflect.NativeMethodAccessorImpl.invoke0(Native Method)
	at sun.reflect.NativeMethodAccessorImpl.invoke(NativeMethodAccessorImpl.java:57)
	at sun.reflect.DelegatingMethodAccessorImpl.invoke(DelegatingMethodAccessorImpl.java:43)
	at java.lang.reflect.Method.invoke(Method.java:601)
	at org.apache.maven.surefire.util.ReflectionUtils.invokeMethodWithArray(ReflectionUtils.java:189)
	at org.apache.maven.surefire.booter.ProviderFactory$ProviderProxy.invoke(ProviderFactory.java:165)
	at org.apache.maven.surefire.booter.ProviderFactory.invokeProvider(ProviderFactory.java:85)
	at org.apache.maven.surefire.booter.ForkedBooter.runSuitesInProcess(ForkedBooter.java:115)
	at org.apache.maven.surefire.booter.ForkedBooter.main(ForkedBooter.java:75)
</error>
    <system-out>[org.springframework.test.annotation.ProfileValueUtils]Retrieved @ProfileValueSourceConfiguration [null] for test class [cn.xapi.hou.mapper.BookinfoMapperTest]
[org.springframework.test.annotation.ProfileValueUtils]Retrieved ProfileValueSource type [class org.springframework.test.annotation.SystemProfileValueSource] for class [cn.xapi.hou.mapper.BookinfoMapperTest]
[org.springframework.test.context.TestContext]Retrieved ApplicationContext for test class [class cn.xapi.hou.mapper.BookinfoMapperTest] from cache with key [[MergedContextConfiguration@7d99eb6c testClass = BookinfoMapperTest, locations = &apos;{classpath:spring/application-dao.xml}&apos;, classes = &apos;{}&apos;, contextInitializerClasses = &apos;[]&apos;, activeProfiles = &apos;{}&apos;, contextLoader = &apos;org.springframework.test.context.support.DelegatingSmartContextLoader&apos;]].
[org.springframework.test.context.support.DependencyInjectionTestExecutionListener]Performing dependency injection for test context [[TestContext@27ad4dbe testClass = BookinfoMapperTest, testInstance = cn.xapi.hou.mapper.BookinfoMapperTest@1ff1b363, testMethod = [null], testException = [null], mergedContextConfiguration = [MergedContextConfiguration@7d99eb6c testClass = BookinfoMapperTest, locations = &apos;{classpath:spring/application-dao.xml}&apos;, classes = &apos;{}&apos;, contextInitializerClasses = &apos;[]&apos;, activeProfiles = &apos;{}&apos;, contextLoader = &apos;org.springframework.test.context.support.DelegatingSmartContextLoader&apos;]]].
[org.springframework.test.context.TestContext]Retrieved ApplicationContext for test class [class cn.xapi.hou.mapper.BookinfoMapperTest] from cache with key [[MergedContextConfiguration@7d99eb6c testClass = BookinfoMapperTest, locations = &apos;{classpath:spring/application-dao.xml}&apos;, classes = &apos;{}&apos;, contextInitializerClasses = &apos;[]&apos;, activeProfiles = &apos;{}&apos;, contextLoader = &apos;org.springframework.test.context.support.DelegatingSmartContextLoader&apos;]].
[org.springframework.beans.factory.annotation.InjectionMetadata]Processing injected method of bean &apos;cn.xapi.hou.mapper.BookinfoMapperTest&apos;: AutowiredFieldElement for private cn.xapi.hou.mapper.BookinfoMapper cn.xapi.hou.mapper.BookinfoMapperTest.b
[org.springframework.beans.factory.support.DefaultListableBeanFactory]Returning cached instance of singleton bean &apos;bookinfoMapper&apos;
[org.springframework.test.context.TestContext]Retrieved ApplicationContext for test class [class cn.xapi.hou.mapper.BookinfoMapperTest] from cache with key [[MergedContextConfiguration@7d99eb6c testClass = BookinfoMapperTest, locations = &apos;{classpath:spring/application-dao.xml}&apos;, classes = &apos;{}&apos;, contextInitializerClasses = &apos;[]&apos;, activeProfiles = &apos;{}&apos;, contextLoader = &apos;org.springframework.test.context.support.DelegatingSmartContextLoader&apos;]].
[org.mybatis.spring.SqlSessionUtils]Creating a new SqlSession
[org.mybatis.spring.SqlSessionUtils]SqlSession [org.apache.ibatis.session.defaults.DefaultSqlSession@353838f7] was not registered for synchronization because synchronization is not active
[org.springframework.jdbc.datasource.DataSourceUtils]Fetching JDBC Connection from DataSource
[org.mybatis.spring.transaction.SpringManagedTransaction]JDBC Connection [com.alibaba.druid.proxy.jdbc.ConnectionProxyImpl@6956e01] will not be managed by Spring
[cn.xapi.hou.mapper.BookinfoMapper.selectByPrimaryKey]==&gt;  Preparing: select callNO, bookName, bookAuther, time, bookPrice, bookObject, number,pic from bookinfo where callNO = ? 
[cn.xapi.hou.mapper.BookinfoMapper.selectByPrimaryKey]==&gt; Parameters: 1247(Integer)
[cn.xapi.hou.mapper.BookinfoMapper.selectByPrimaryKey]&lt;==      Total: 0
[org.mybatis.spring.SqlSessionUtils]Closing non transactional SqlSession [org.apache.ibatis.session.defaults.DefaultSqlSession@353838f7]
[org.springframework.jdbc.datasource.DataSourceUtils]Returning JDBC Connection to DataSource
[org.springframework.test.context.support.DirtiesContextTestExecutionListener]After test method: context [[TestContext@27ad4dbe testClass = BookinfoMapperTest, testInstance = cn.xapi.hou.mapper.BookinfoMapperTest@1ff1b363, testMethod = testSelectByPrimaryKey@BookinfoMapperTest, testException = java.lang.NullPointerException, mergedContextConfiguration = [MergedContextConfiguration@7d99eb6c testClass = BookinfoMapperTest, locations = &apos;{classpath:spring/application-dao.xml}&apos;, classes = &apos;{}&apos;, contextInitializerClasses = &apos;[]&apos;, activeProfiles = &apos;{}&apos;, contextLoader = &apos;org.springframework.test.context.support.DelegatingSmartContextLoader&apos;]]], class dirties context [false], class mode [null], method dirties context [false].
[org.springframework.test.context.web.ServletTestExecutionListener]Resetting RequestContextHolder for test context [TestContext@27ad4dbe testClass = BookinfoMapperTest, testInstance = cn.xapi.hou.mapper.BookinfoMapperTest@1ff1b363, testMethod = testSelectByPrimaryKey@BookinfoMapperTest, testException = java.lang.NullPointerException, mergedContextConfiguration = [MergedContextConfiguration@7d99eb6c testClass = BookinfoMapperTest, locations = &apos;{classpath:spring/application-dao.xml}&apos;, classes = &apos;{}&apos;, contextInitializerClasses = &apos;[]&apos;, activeProfiles = &apos;{}&apos;, contextLoader = &apos;org.springframework.test.context.support.DelegatingSmartContextLoader&apos;]].
</system-out>
  </testcase>
</testsuite>